Submitted batch job 120883


#Beginning dp train while loop for standalone script.
standalone dp train process hasn't done

****Doing while loop times for standalone dp train: 10
****Elapsed times: 10 min.
standalone dp trian process done (1) or not (0): 0 

standalone dp train process hasn't done

****Doing while loop times for standalone dp train: 20
****Elapsed times: 20 min.
standalone dp trian process done (1) or not (0): 0 

standalone dp train process hasn't done

****Doing while loop times for standalone dp train: 30
****Elapsed times: 30 min.
standalone dp trian process done (1) or not (0): 0 

standalone dp train process hasn't done

****Doing while loop times for standalone dp train: 40
****Elapsed times: 40 min.
standalone dp trian process done (1) or not (0): 0 

standalone dp train process hasn't done

****Doing while loop times for standalone dp train: 50
****Elapsed times: 50 min.
standalone dp trian process done (1) or not (0): 0 

standalone dp train process hasn't done

****Doing while loop times for standalone dp train: 60
****Elapsed times: 60 min.
standalone dp trian process done (1) or not (0): 0 

standalone dp train process hasn't done

****Doing while loop times for standalone dp train: 70
****Elapsed times: 70 min.
standalone dp trian process done (1) or not (0): 0 

standalone dp train process hasn't done

****Doing while loop times for standalone dp train: 80
****Elapsed times: 80 min.
standalone dp trian process done (1) or not (0): 0 

standalone dp train process hasn't done

****Doing while loop times for standalone dp train: 90
****Elapsed times: 90 min.
standalone dp trian process done (1) or not (0): 0 

standalone dp train process hasn't done

****Doing while loop times for standalone dp train: 100
****Elapsed times: 100 min.
standalone dp trian process done (1) or not (0): 0 

standalone dp train process hasn't done

****Doing while loop times for standalone dp train: 110
****Elapsed times: 110 min.
standalone dp trian process done (1) or not (0): 0 

standalone dp train process hasn't done

****Doing while loop times for standalone dp train: 120
****Elapsed times: 120 min.
standalone dp trian process done (1) or not (0): 0 

standalone dp train process hasn't done

****Doing while loop times for standalone dp train: 130
****Elapsed times: 130 min.
standalone dp trian process done (1) or not (0): 0 

standalone dp train process hasn't done

****Doing while loop times for standalone dp train: 140
****Elapsed times: 140 min.
standalone dp trian process done (1) or not (0): 0 

standalone dp train process hasn't done

****Doing while loop times for standalone dp train: 150
****Elapsed times: 150 min.
standalone dp trian process done (1) or not (0): 0 

standalone dp train process hasn't done

****Doing while loop times for standalone dp train: 160
****Elapsed times: 160 min.
standalone dp trian process done (1) or not (0): 0 

standalone dp train process hasn't done

****Doing while loop times for standalone dp train: 170
****Elapsed times: 170 min.
standalone dp trian process done (1) or not (0): 0 

standalone dp train process hasn't done

****Doing while loop times for standalone dp train: 180
****Elapsed times: 180 min.
standalone dp trian process done (1) or not (0): 0 

standalone dp train process hasn't done

****Doing while loop times for standalone dp train: 190
****Elapsed times: 190 min.
standalone dp trian process done (1) or not (0): 0 

standalone dp train process hasn't done

****Doing while loop times for standalone dp train: 200
****Elapsed times: 200 min.
standalone dp trian process done (1) or not (0): 0 

standalone dp train done!

#End of standalone dp train while loop after 209 min.

rm: cannot remove './lcurve.out': No such file or directory
rm: cannot remove './temp.*.out': No such file or directory
WARNING:tensorflow:From /opt/anaconda3/envs/deepmd-cpu/lib/python3.9/site-packages/tensorflow/python/compat/v2_compat.py:96: disable_resource_variables (from tensorflow.python.ops.variable_scope) is deprecated and will be removed in a future version.
Instructions for updating:
non-resource variables are not supported in the long term
WARNING:root:Environment variable KMP_BLOCKTIME is empty. Use the default value 0
WARNING:root:Environment variable KMP_AFFINITY is empty. Use the default value granularity=fine,verbose,compact,1,0
DEEPMD INFO    # ---------------output of dp test--------------- 
DEEPMD INFO    # testing system : /home/zhi/DeePGEN/Agpbesol/standalone_dptrain/train_npy/0/Ag_mp-10597
OMP: Info #155: KMP_AFFINITY: Initial OS proc set respected: 0-5
OMP: Info #216: KMP_AFFINITY: decoding x2APIC ids.
OMP: Info #157: KMP_AFFINITY: 6 available OS procs
OMP: Info #158: KMP_AFFINITY: Uniform topology
OMP: Info #287: KMP_AFFINITY: topology layer "LL cache" is equivalent to "socket".
OMP: Info #192: KMP_AFFINITY: 1 socket x 6 cores/socket x 1 thread/core (6 total cores)
OMP: Info #218: KMP_AFFINITY: OS proc to physical thread map:
OMP: Info #172: KMP_AFFINITY: OS proc 0 maps to socket 0 core 0 thread 0 
OMP: Info #172: KMP_AFFINITY: OS proc 1 maps to socket 0 core 1 thread 0 
OMP: Info #172: KMP_AFFINITY: OS proc 2 maps to socket 0 core 2 thread 0 
OMP: Info #172: KMP_AFFINITY: OS proc 3 maps to socket 0 core 4 thread 0 
OMP: Info #172: KMP_AFFINITY: OS proc 4 maps to socket 0 core 5 thread 0 
OMP: Info #172: KMP_AFFINITY: OS proc 5 maps to socket 0 core 6 thread 0 
OMP: Info #254: KMP_AFFINITY: pid 1113583 tid 1113661 thread 1 bound to OS proc set 1
OMP: Info #254: KMP_AFFINITY: pid 1113583 tid 1113672 thread 2 bound to OS proc set 2
OMP: Info #254: KMP_AFFINITY: pid 1113583 tid 1113673 thread 3 bound to OS proc set 3
OMP: Info #254: KMP_AFFINITY: pid 1113583 tid 1113674 thread 4 bound to OS proc set 4
OMP: Info #254: KMP_AFFINITY: pid 1113583 tid 1113675 thread 5 bound to OS proc set 5
OMP: Info #254: KMP_AFFINITY: pid 1113583 tid 1113676 thread 6 bound to OS proc set 0
DEEPMD INFO    # number of test data : 19 
DEEPMD INFO    Energy RMSE        : 2.318234e+00 eV
DEEPMD INFO    Energy RMSE/Natoms : 1.159117e+00 eV
DEEPMD INFO    Force  RMSE        : 4.085007e-02 eV/A
DEEPMD INFO    Virial RMSE        : 5.046816e-01 eV
DEEPMD INFO    Virial RMSE/Natoms : 2.523408e-01 eV
DEEPMD INFO    # ----------------------------------------------- 
DEEPMD INFO    # ---------------output of dp test--------------- 
DEEPMD INFO    # testing system : /home/zhi/DeePGEN/Agpbesol/standalone_dptrain/train_npy/1/Ag_mp-124
DEEPMD INFO    # number of test data : 19 
DEEPMD INFO    Energy RMSE        : 1.154276e+00 eV
DEEPMD INFO    Energy RMSE/Natoms : 1.154276e+00 eV
DEEPMD INFO    Force  RMSE        : 2.003698e-18 eV/A
DEEPMD INFO    Virial RMSE        : 2.277218e-01 eV
DEEPMD INFO    Virial RMSE/Natoms : 2.277218e-01 eV
DEEPMD INFO    # ----------------------------------------------- 
DEEPMD INFO    # ---------------output of dp test--------------- 
DEEPMD INFO    # testing system : /home/zhi/DeePGEN/Agpbesol/standalone_dptrain/train_npy/2/Ag_mp-989737
OMP: Info #254: KMP_AFFINITY: pid 1113583 tid 1113660 thread 7 bound to OS proc set 1
OMP: Info #254: KMP_AFFINITY: pid 1113583 tid 1113677 thread 8 bound to OS proc set 2
OMP: Info #254: KMP_AFFINITY: pid 1113583 tid 1113678 thread 9 bound to OS proc set 3
OMP: Info #254: KMP_AFFINITY: pid 1113583 tid 1113679 thread 10 bound to OS proc set 4
OMP: Info #254: KMP_AFFINITY: pid 1113583 tid 1113680 thread 11 bound to OS proc set 5
OMP: Info #254: KMP_AFFINITY: pid 1113583 tid 1113681 thread 12 bound to OS proc set 0
DEEPMD INFO    # number of test data : 19 
DEEPMD INFO    Energy RMSE        : 3.114789e+00 eV
DEEPMD INFO    Energy RMSE/Natoms : 1.038263e+00 eV
DEEPMD INFO    Force  RMSE        : 3.526163e-02 eV/A
DEEPMD INFO    Virial RMSE        : 7.660252e-01 eV
DEEPMD INFO    Virial RMSE/Natoms : 2.553417e-01 eV
DEEPMD INFO    # ----------------------------------------------- 
DEEPMD INFO    # ---------------output of dp test--------------- 
DEEPMD INFO    # testing system : /home/zhi/DeePGEN/Agpbesol/standalone_dptrain/train_npy/3/Ag_mp-124
DEEPMD INFO    # number of test data : 2 
DEEPMD INFO    Energy RMSE        : 3.592057e-03 eV
DEEPMD INFO    Energy RMSE/Natoms : 3.592057e-03 eV
DEEPMD INFO    Force  RMSE        : 1.143777e-19 eV/A
DEEPMD INFO    Virial RMSE        : 3.203679e-02 eV
DEEPMD INFO    Virial RMSE/Natoms : 3.203679e-02 eV
DEEPMD INFO    # ----------------------------------------------- 
DEEPMD INFO    # ---------------output of dp test--------------- 
DEEPMD INFO    # testing system : /home/zhi/DeePGEN/Agpbesol/standalone_dptrain/train_npy/4/Ag_mp-8566
DEEPMD INFO    # number of test data : 3 
DEEPMD INFO    Energy RMSE        : 1.281851e+00 eV
DEEPMD INFO    Energy RMSE/Natoms : 3.204628e-01 eV
DEEPMD INFO    Force  RMSE        : 4.324513e-02 eV/A
DEEPMD INFO    Virial RMSE        : 2.770980e-01 eV
DEEPMD INFO    Virial RMSE/Natoms : 6.927449e-02 eV
DEEPMD INFO    # ----------------------------------------------- 
DEEPMD INFO    # ---------------output of dp test--------------- 
DEEPMD INFO    # testing system : /home/zhi/DeePGEN/Agpbesol/standalone_dptrain/train_npy/5/Ag_mp-989737
DEEPMD INFO    # number of test data : 6 
DEEPMD INFO    Energy RMSE        : 1.014174e+00 eV
DEEPMD INFO    Energy RMSE/Natoms : 3.380581e-01 eV
DEEPMD INFO    Force  RMSE        : 5.591851e-02 eV/A
DEEPMD INFO    Virial RMSE        : 4.332888e-01 eV
DEEPMD INFO    Virial RMSE/Natoms : 1.444296e-01 eV
DEEPMD INFO    # ----------------------------------------------- 
DEEPMD INFO    # ---------------output of dp test--------------- 
DEEPMD INFO    # testing system : /home/zhi/DeePGEN/Agpbesol/standalone_dptrain/train_npy/6/Ag_mp-10597
DEEPMD INFO    # number of test data : 8 
DEEPMD INFO    Energy RMSE        : 6.579093e-01 eV
DEEPMD INFO    Energy RMSE/Natoms : 3.289546e-01 eV
DEEPMD INFO    Force  RMSE        : 6.782562e-02 eV/A
DEEPMD INFO    Virial RMSE        : 1.787536e-01 eV
DEEPMD INFO    Virial RMSE/Natoms : 8.937678e-02 eV
DEEPMD INFO    # ----------------------------------------------- 
DEEPMD INFO    # ---------------output of dp test--------------- 
DEEPMD INFO    # testing system : /home/zhi/DeePGEN/Agpbesol/standalone_dptrain/train_npy/7/Ag_mp-989737
DEEPMD INFO    # number of test data : 26 
DEEPMD INFO    Energy RMSE        : 9.882682e-01 eV
DEEPMD INFO    Energy RMSE/Natoms : 3.294227e-01 eV
DEEPMD INFO    Force  RMSE        : 7.194272e-02 eV/A
DEEPMD INFO    Virial RMSE        : 3.150031e-01 eV
DEEPMD INFO    Virial RMSE/Natoms : 1.050010e-01 eV
DEEPMD INFO    # ----------------------------------------------- 
DEEPMD INFO    # ---------------output of dp test--------------- 
DEEPMD INFO    # testing system : /home/zhi/DeePGEN/Agpbesol/standalone_dptrain/train_npy/8/Ag_mp-124
DEEPMD INFO    # number of test data : 3 
DEEPMD INFO    Energy RMSE        : 7.636126e-03 eV
DEEPMD INFO    Energy RMSE/Natoms : 7.636126e-03 eV
DEEPMD INFO    Force  RMSE        : 4.216315e-19 eV/A
DEEPMD INFO    Virial RMSE        : 2.752099e-02 eV
DEEPMD INFO    Virial RMSE/Natoms : 2.752099e-02 eV
DEEPMD INFO    # ----------------------------------------------- 
DEEPMD INFO    # ---------------output of dp test--------------- 
DEEPMD INFO    # testing system : /home/zhi/DeePGEN/Agpbesol/standalone_dptrain/train_npy/9/Ag_mp-10597
DEEPMD INFO    # number of test data : 33 
DEEPMD INFO    Energy RMSE        : 6.508872e-01 eV
DEEPMD INFO    Energy RMSE/Natoms : 3.254436e-01 eV
DEEPMD INFO    Force  RMSE        : 7.165429e-02 eV/A
DEEPMD INFO    Virial RMSE        : 1.898040e-01 eV
DEEPMD INFO    Virial RMSE/Natoms : 9.490200e-02 eV
DEEPMD INFO    # ----------------------------------------------- 
DEEPMD INFO    # ----------weighted average of errors----------- 
DEEPMD INFO    # number of systems : 10
DEEPMD INFO    Energy RMSE/Natoms : 7.590055e-01 eV
DEEPMD INFO    Force  RMSE        : 5.771233e-02 eV/A
DEEPMD INFO    Virial RMSE/Natoms : 1.749859e-01 eV
DEEPMD INFO    # ----------------------------------------------- 
WARNING:tensorflow:From /opt/anaconda3/envs/deepmd-cpu/lib/python3.9/site-packages/tensorflow/python/compat/v2_compat.py:96: disable_resource_variables (from tensorflow.python.ops.variable_scope) is deprecated and will be removed in a future version.
Instructions for updating:
non-resource variables are not supported in the long term
WARNING:root:Environment variable KMP_BLOCKTIME is empty. Use the default value 0
WARNING:root:Environment variable KMP_AFFINITY is empty. Use the default value granularity=fine,verbose,compact,1,0
DEEPMD INFO    # ---------------output of dp test--------------- 
DEEPMD INFO    # testing system : /home/zhi/DeePGEN/Agpbesol/standalone_dptrain/validation_npy/0/Ag_mp-8566
OMP: Info #155: KMP_AFFINITY: Initial OS proc set respected: 0-5
OMP: Info #216: KMP_AFFINITY: decoding x2APIC ids.
OMP: Info #157: KMP_AFFINITY: 6 available OS procs
OMP: Info #158: KMP_AFFINITY: Uniform topology
OMP: Info #287: KMP_AFFINITY: topology layer "LL cache" is equivalent to "socket".
OMP: Info #192: KMP_AFFINITY: 1 socket x 6 cores/socket x 1 thread/core (6 total cores)
OMP: Info #218: KMP_AFFINITY: OS proc to physical thread map:
OMP: Info #172: KMP_AFFINITY: OS proc 0 maps to socket 0 core 0 thread 0 
OMP: Info #172: KMP_AFFINITY: OS proc 1 maps to socket 0 core 1 thread 0 
OMP: Info #172: KMP_AFFINITY: OS proc 2 maps to socket 0 core 2 thread 0 
OMP: Info #172: KMP_AFFINITY: OS proc 3 maps to socket 0 core 4 thread 0 
OMP: Info #172: KMP_AFFINITY: OS proc 4 maps to socket 0 core 5 thread 0 
OMP: Info #172: KMP_AFFINITY: OS proc 5 maps to socket 0 core 6 thread 0 
OMP: Info #254: KMP_AFFINITY: pid 1113984 tid 1114015 thread 1 bound to OS proc set 1
OMP: Info #254: KMP_AFFINITY: pid 1113984 tid 1114027 thread 2 bound to OS proc set 2
OMP: Info #254: KMP_AFFINITY: pid 1113984 tid 1114028 thread 3 bound to OS proc set 3
OMP: Info #254: KMP_AFFINITY: pid 1113984 tid 1114029 thread 4 bound to OS proc set 4
OMP: Info #254: KMP_AFFINITY: pid 1113984 tid 1114030 thread 5 bound to OS proc set 5
OMP: Info #254: KMP_AFFINITY: pid 1113984 tid 1114031 thread 6 bound to OS proc set 0
DEEPMD INFO    # number of test data : 19 
DEEPMD INFO    Energy RMSE        : 4.630836e+00 eV
DEEPMD INFO    Energy RMSE/Natoms : 1.157709e+00 eV
DEEPMD INFO    Force  RMSE        : 3.078082e-02 eV/A
DEEPMD INFO    Virial RMSE        : 1.006651e+00 eV
DEEPMD INFO    Virial RMSE/Natoms : 2.516626e-01 eV
DEEPMD INFO    # ----------------------------------------------- 
DEEPMD INFO    # ---------------output of dp test--------------- 
DEEPMD INFO    # testing system : /home/zhi/DeePGEN/Agpbesol/standalone_dptrain/validation_npy/1/Ag_mp-989737
DEEPMD INFO    # number of test data : 1 
DEEPMD INFO    Energy RMSE        : 9.220307e-01 eV
DEEPMD INFO    Energy RMSE/Natoms : 3.073436e-01 eV
DEEPMD INFO    Force  RMSE        : 2.709268e-02 eV/A
DEEPMD INFO    Virial RMSE        : 2.683435e-01 eV
DEEPMD INFO    Virial RMSE/Natoms : 8.944784e-02 eV
DEEPMD INFO    # ----------------------------------------------- 
DEEPMD INFO    # ---------------output of dp test--------------- 
DEEPMD INFO    # testing system : /home/zhi/DeePGEN/Agpbesol/standalone_dptrain/validation_npy/2/Ag_mp-8566
DEEPMD INFO    # number of test data : 8 
DEEPMD INFO    Energy RMSE        : 1.349955e+00 eV
DEEPMD INFO    Energy RMSE/Natoms : 3.374888e-01 eV
DEEPMD INFO    Force  RMSE        : 7.527412e-02 eV/A
DEEPMD INFO    Virial RMSE        : 1.041266e+00 eV
DEEPMD INFO    Virial RMSE/Natoms : 2.603166e-01 eV
DEEPMD INFO    # ----------------------------------------------- 
DEEPMD INFO    # ---------------output of dp test--------------- 
DEEPMD INFO    # testing system : /home/zhi/DeePGEN/Agpbesol/standalone_dptrain/validation_npy/3/Ag_mp-8566
OMP: Info #254: KMP_AFFINITY: pid 1113984 tid 1114016 thread 7 bound to OS proc set 1
OMP: Info #254: KMP_AFFINITY: pid 1113984 tid 1114038 thread 8 bound to OS proc set 2
OMP: Info #254: KMP_AFFINITY: pid 1113984 tid 1114039 thread 9 bound to OS proc set 3
OMP: Info #254: KMP_AFFINITY: pid 1113984 tid 1114040 thread 10 bound to OS proc set 4
OMP: Info #254: KMP_AFFINITY: pid 1113984 tid 1114041 thread 11 bound to OS proc set 5
OMP: Info #254: KMP_AFFINITY: pid 1113984 tid 1114042 thread 12 bound to OS proc set 0
DEEPMD INFO    # number of test data : 39 
DEEPMD INFO    Energy RMSE        : 1.327905e+00 eV
DEEPMD INFO    Energy RMSE/Natoms : 3.319763e-01 eV
DEEPMD INFO    Force  RMSE        : 7.079333e-02 eV/A
DEEPMD INFO    Virial RMSE        : 5.429950e-01 eV
DEEPMD INFO    Virial RMSE/Natoms : 1.357487e-01 eV
DEEPMD INFO    # ----------------------------------------------- 
DEEPMD INFO    # ----------weighted average of errors----------- 
DEEPMD INFO    # number of systems : 4
DEEPMD INFO    Energy RMSE/Natoms : 6.776748e-01 eV
DEEPMD INFO    Force  RMSE        : 6.233147e-02 eV/A
DEEPMD INFO    Virial RMSE/Natoms : 1.920878e-01 eV
DEEPMD INFO    # ----------------------------------------------- 
